<?xml version="1.0" encoding="UTF-8"?>
<!-- Generated by org.testng.reporters.JUnitXMLReporter -->
<testsuite ignored="1" hostname="sachin" failures="0" tests="2" name="Default test" time="0.141" errors="0" timestamp="2023-10-08T05:39:50 IST">
  <testcase classname="TestNg.PriorityTestNg1" name="test1" time="0.024"/>
  <testcase classname="TestNg.PriorityTestNg1" name="test2" time="0.004"/>
  <testcase classname="TestNg.PriorityTestNg1" name="test3" time="0.0">
    <ignored/>
  </testcase> <!-- test3 -->
</testsuite> <!-- Default test -->
