<?xml version="1.0" encoding="UTF-8"?>
<testng-results ignored="0" total="2" passed="2" failed="0" skipped="0">
  <reporter-output>
  </reporter-output>
  <suite started-at="2023-10-10T08:46:56 IST" name="Suite" finished-at="2023-10-10T08:46:56 IST" duration-ms="167">
    <groups>
      <group name="smoke">
        <method signature="sample1.demo2()[pri:0, instance:TESTNG_Group.sample1@145f66e3]" name="demo2" class="TESTNG_Group.sample1"/>
      </group> <!-- smoke -->
    </groups>
    <test started-at="2023-10-10T08:46:56 IST" name="Test" finished-at="2023-10-10T08:46:56 IST" duration-ms="167">
      <class name="TESTNG_Group.sample1">
        <test-method signature="demo1()[pri:0, instance:TESTNG_Group.sample1@145f66e3]" started-at="2023-10-10T08:46:56 IST" name="demo1" finished-at="2023-10-10T08:46:56 IST" duration-ms="26" status="PASS">
          <reporter-output>
          </reporter-output>
        </test-method> <!-- demo1 -->
        <test-method signature="demo2()[pri:0, instance:TESTNG_Group.sample1@145f66e3]" started-at="2023-10-10T08:46:56 IST" name="demo2" finished-at="2023-10-10T08:46:56 IST" duration-ms="5" status="PASS">
          <reporter-output>
          </reporter-output>
        </test-method> <!-- demo2 -->
      </class> <!-- TESTNG_Group.sample1 -->
    </test> <!-- Test -->
  </suite> <!-- Suite -->
</testng-results>
